<?xml version='1.0' encoding='UTF-8'?>
<testsuites name='Smack(10)UITests.xctest' tests='6' failures='0'>
  <testsuite name='Smack_10_UITests.LoginAndCreateAccount' tests='1' failures='0'>
    <testcase classname='Smack_10_UITests.LoginAndCreateAccount' name='testlogin' time='2.010'/>
  </testsuite>
  <testsuite name='Smack_10_UITests.Smack_10_UITests' tests='2' failures='0'>
    <testcase classname='Smack_10_UITests.Smack_10_UITests' name='testExample' time='0.019'/>
    <testcase classname='Smack_10_UITests.Smack_10_UITests' name='testLaunchPerformance' time='16.846'/>
  </testsuite>
  <testsuite name='Smack_10_UITests.Stub' tests='3' failures='0'>
    <testcase classname='Smack_10_UITests.Stub' name='testAddNewChannelStub' time='9.895'/>
    <testcase classname='Smack_10_UITests.Stub' name='testAddNewUserStub' time='15.172'/>
    <testcase classname='Smack_10_UITests.Stub' name='testLoginLogoutSub' time='15.187'/>
  </testsuite>
</testsuites>